# JRE version: OpenJDK Runtime Environment Temurin-17.0.3+7 (17.0.3+7) (build 17.0.3+7)
# Java VM: OpenJDK 64-Bit Server VM Temurin-17.0.3+7 (17.0.3+7, mixed mode, emulated-client, tiered, compressed oops, compressed class ptrs, g1 gc, windows-amd64)
GC Precious Log:
 CPUs: 4 total, 4 available
 Memory: 8114M
 Large Page Support: Disabled
 NUMA Support: Disabled
 Compressed Oops: Enabled (32-bit)
 Heap Region Size: 1M
 Heap Min Capacity: 8M
 Heap Initial Capacity: 128M
 Heap Max Capacity: 2030M
 Pre-touch: Disabled
 Parallel Workers: 4
 Concurrent Workers: 1
 Concurrent Refinement Workers: 4
 Periodic GC: Disabled
Heap:
 garbage-first heap   total 71680K, used 50837K [0x0000000081200000, 0x0000000100000000)
  region size 1024K, 32 young (32768K), 1 survivors (1024K)
 Metaspace       used 54103K, committed 54464K, reserved 1097728K
  class space    used 7096K, committed 7296K, reserved 1048576K
GC Heap History (20 events):
Event: 0.904 GC heap before
{Heap before GC invocations=1 (full 0):
 garbage-first heap   total 131072K, used 17679K [0x0000000081200000, 0x0000000100000000)
  region size 1024K, 14 young (14336K), 2 survivors (2048K)
 Metaspace       used 15771K, committed 16000K, reserved 1064960K
  class space    used 1674K, committed 1792K, reserved 1048576K
}
Event: 0.907 GC heap after
{Heap after GC invocations=2 (full 0):
 garbage-first heap   total 131072K, used 7639K [0x0000000081200000, 0x0000000100000000)
  region size 1024K, 2 young (2048K), 2 survivors (2048K)
 Metaspace       used 15771K, committed 16000K, reserved 1064960K
  class space    used 1674K, committed 1792K, reserved 1048576K
}
Event: 1.208 GC heap before
{Heap before GC invocations=2 (full 0):
 garbage-first heap   total 131072K, used 27095K [0x0000000081200000, 0x0000000100000000)
  region size 1024K, 22 young (22528K), 2 survivors (2048K)
 Metaspace       used 20816K, committed 21120K, reserved 1073152K
  class space    used 2417K, committed 2560K, reserved 1048576K
}
Event: 1.212 GC heap after
{Heap after GC invocations=3 (full 0):
 garbage-first heap   total 131072K, used 9205K [0x0000000081200000, 0x0000000100000000)
  region size 1024K, 3 young (3072K), 3 survivors (3072K)
 Metaspace       used 20816K, committed 21120K, reserved 1073152K
  class space    used 2417K, committed 2560K, reserved 1048576K
}
Event: 1.223 GC heap before
{Heap before GC invocations=3 (full 0):
 garbage-first heap   total 131072K, used 11253K [0x0000000081200000, 0x0000000100000000)
  region size 1024K, 6 young (6144K), 3 survivors (3072K)
 Metaspace       used 21231K, committed 21504K, reserved 1073152K
  class space    used 2463K, committed 2624K, reserved 1048576K
}
Event: 1.226 GC heap after
{Heap after GC invocations=4 (full 0):
 garbage-first heap   total 131072K, used 9329K [0x0000000081200000, 0x0000000100000000)
  region size 1024K, 3 young (3072K), 3 survivors (3072K)
 Metaspace       used 21231K, committed 21504K, reserved 1073152K
  class space    used 2463K, committed 2624K, reserved 1048576K
}
Event: 1.467 GC heap before
{Heap before GC invocations=5 (full 0):
 garbage-first heap   total 40960K, used 30833K [0x0000000081200000, 0x0000000100000000)
  region size 1024K, 25 young (25600K), 3 survivors (3072K)
 Metaspace       used 25941K, committed 26176K, reserved 1073152K
  class space    used 3080K, committed 3200K, reserved 1048576K
}
Event: 1.472 GC heap after
{Heap after GC invocations=6 (full 0):
 garbage-first heap   total 40960K, used 10322K [0x0000000081200000, 0x0000000100000000)
  region size 1024K, 4 young (4096K), 4 survivors (4096K)
 Metaspace       used 25941K, committed 26176K, reserved 1073152K
  class space    used 3080K, committed 3200K, reserved 1048576K
}
Event: 1.488 GC heap before
{Heap before GC invocations=6 (full 0):
 garbage-first heap   total 40960K, used 10322K [0x0000000081200000, 0x0000000100000000)
  region size 1024K, 5 young (5120K), 4 survivors (4096K)
 Metaspace       used 26094K, committed 26304K, reserved 1073152K
  class space    used 3096K, committed 3200K, reserved 1048576K
}
Event: 1.493 GC heap after
{Heap after GC invocations=7 (full 0):
 garbage-first heap   total 40960K, used 10582K [0x0000000081200000, 0x0000000100000000)
  region size 1024K, 1 young (1024K), 1 survivors (1024K)
 Metaspace       used 26094K, committed 26304K, reserved 1073152K
  class space    used 3096K, committed 3200K, reserved 1048576K
}
Event: 1.731 GC heap before
{Heap before GC invocations=7 (full 0):
 garbage-first heap   total 40960K, used 27990K [0x0000000081200000, 0x0000000100000000)
  region size 1024K, 18 young (18432K), 1 survivors (1024K)
 Metaspace       used 27538K, committed 27840K, reserved 1081344K
  class space    used 3278K, committed 3392K, reserved 1048576K
}
Event: 1.734 GC heap after
{Heap after GC invocations=8 (full 0):
 garbage-first heap   total 74752K, used 11721K [0x0000000081200000, 0x0000000100000000)
  region size 1024K, 2 young (2048K), 2 survivors (2048K)
 Metaspace       used 27538K, committed 27840K, reserved 1081344K
  class space    used 3278K, committed 3392K, reserved 1048576K
}
Event: 2.533 GC heap before
{Heap before GC invocations=8 (full 0):
 garbage-first heap   total 74752K, used 53705K [0x0000000081200000, 0x0000000100000000)
  region size 1024K, 43 young (44032K), 2 survivors (2048K)
 Metaspace       used 32923K, committed 33216K, reserved 1081344K
  class space    used 4144K, committed 4288K, reserved 1048576K
}
Event: 2.540 GC heap after
{Heap after GC invocations=9 (full 0):
 garbage-first heap   total 74752K, used 15016K [0x0000000081200000, 0x0000000100000000)
  region size 1024K, 5 young (5120K), 5 survivors (5120K)
 Metaspace       used 32923K, committed 33216K, reserved 1081344K
  class space    used 4144K, committed 4288K, reserved 1048576K
}
Event: 2.868 GC heap before
{Heap before GC invocations=9 (full 0):
 garbage-first heap   total 74752K, used 37544K [0x0000000081200000, 0x0000000100000000)
  region size 1024K, 28 young (28672K), 5 survivors (5120K)
 Metaspace       used 36155K, committed 36416K, reserved 1081344K
  class space    used 4537K, committed 4672K, reserved 1048576K
}
Event: 2.876 GC heap after
{Heap after GC invocations=10 (full 0):
 garbage-first heap   total 74752K, used 17071K [0x0000000081200000, 0x0000000100000000)
  region size 1024K, 3 young (3072K), 3 survivors (3072K)
 Metaspace       used 36155K, committed 36416K, reserved 1081344K
  class space    used 4537K, committed 4672K, reserved 1048576K
}
Event: 3.590 GC heap before
{Heap before GC invocations=11 (full 0):
 garbage-first heap   total 71680K, used 55983K [0x0000000081200000, 0x0000000100000000)
  region size 1024K, 41 young (41984K), 3 survivors (3072K)
 Metaspace       used 48350K, committed 48704K, reserved 1097728K
  class space    used 6261K, committed 6400K, reserved 1048576K
}
Event: 3.595 GC heap after
{Heap after GC invocations=12 (full 0):
 garbage-first heap   total 71680K, used 19618K [0x0000000081200000, 0x0000000100000000)
  region size 1024K, 5 young (5120K), 5 survivors (5120K)
 Metaspace       used 48350K, committed 48704K, reserved 1097728K
  class space    used 6261K, committed 6400K, reserved 1048576K
}
Event: 3.623 GC heap before
{Heap before GC invocations=12 (full 0):
 garbage-first heap   total 71680K, used 20642K [0x0000000081200000, 0x0000000100000000)
  region size 1024K, 6 young (6144K), 5 survivors (5120K)
 Metaspace       used 48748K, committed 49088K, reserved 1097728K
  class space    used 6315K, committed 6464K, reserved 1048576K
}
Event: 3.629 GC heap after
{Heap after GC invocations=13 (full 0):
 garbage-first heap   total 71680K, used 20117K [0x0000000081200000, 0x0000000100000000)
  region size 1024K, 1 young (1024K), 1 survivors (1024K)
 Metaspace       used 48748K, committed 49088K, reserved 1097728K
  class space    used 6315K, committed 6464K, reserved 1048576K
}

